[13:31:49] [main/ERROR]: Can't find the resource index file: /home/nico/forge/~/.gradle/caches/minecraft/assets/indexes/1.7.10.json
[13:31:49] [main/INFO]: Setting user: Player998
[13:31:50] [Client thread/INFO]: LWJGL Version: 2.9.1
[13:31:50] [Client thread/ERROR]: Couldn't initialize twitch stream
[13:31:53] [Client thread/INFO]: Reloading ResourceManager: Default, FMLFileResourcePack:Forge Mod Loader, FMLFileResourcePack:Minecraft Forge, FMLFileResourcePack:Mine Fluence
[13:31:54] [Sound Library Loader/INFO]: Sound engine started
[13:31:54] [Client thread/INFO]: Created: 512x256 textures/blocks-atlas
[13:31:54] [Client thread/ERROR]: Using missing texture, unable to load minecraft:textures/items/MISSING_ICON_ITEM_4096_null.png
java.io.FileNotFoundException: minecraft:textures/items/MISSING_ICON_ITEM_4096_null.png
	at net.minecraft.client.resources.FallbackResourceManager.getResource(FallbackResourceManager.java:65) ~[FallbackResourceManager.class:?]
	at net.minecraft.client.resources.SimpleReloadableResourceManager.getResource(SimpleReloadableResourceManager.java:67) ~[SimpleReloadableResourceManager.class:?]
	at net.minecraft.client.renderer.texture.TextureMap.loadTextureAtlas(TextureMap.java:126) [TextureMap.class:?]
	at net.minecraft.client.renderer.texture.TextureMap.loadTexture(TextureMap.java:91) [TextureMap.class:?]
	at net.minecraft.client.renderer.texture.TextureManager.loadTexture(TextureManager.java:89) [TextureManager.class:?]
	at net.minecraft.client.renderer.texture.TextureManager.loadTickableTexture(TextureManager.java:71) [TextureManager.class:?]
	at net.minecraft.client.renderer.texture.TextureManager.loadTextureMap(TextureManager.java:58) [TextureManager.class:?]
	at net.minecraft.client.Minecraft.startGame(Minecraft.java:583) [Minecraft.class:?]
	at net.minecraft.client.Minecraft.run(Minecraft.java:931) [Minecraft.class:?]
	at net.minecraft.client.main.Main.main(Main.java:164) [Main.class:?]
	at sun.reflect.NativeMethodAccessorImpl.invoke0(Native Method) ~[?:1.7.0_65]
	at sun.reflect.NativeMethodAccessorImpl.invoke(NativeMethodAccessorImpl.java:57) ~[?:1.7.0_65]
	at sun.reflect.DelegatingMethodAccessorImpl.invoke(DelegatingMethodAccessorImpl.java:43) ~[?:1.7.0_65]
	at java.lang.reflect.Method.invoke(Method.java:606) ~[?:1.7.0_65]
	at net.minecraft.launchwrapper.Launch.launch(Launch.java:135) [launchwrapper-1.11.jar:?]
	at net.minecraft.launchwrapper.Launch.main(Launch.java:28) [launchwrapper-1.11.jar:?]
[13:31:54] [Client thread/INFO]: Created: 256x256 textures/items-atlas
[13:31:54] [Client thread/INFO]: Reloading ResourceManager: Default, FMLFileResourcePack:Forge Mod Loader, FMLFileResourcePack:Minecraft Forge, FMLFileResourcePack:Mine Fluence
[13:31:54] [Client thread/ERROR]: Using missing texture, unable to load minecraft:textures/items/MISSING_ICON_ITEM_4096_null.png
java.io.FileNotFoundException: minecraft:textures/items/MISSING_ICON_ITEM_4096_null.png
	at net.minecraft.client.resources.FallbackResourceManager.getResource(FallbackResourceManager.java:65) ~[FallbackResourceManager.class:?]
	at net.minecraft.client.resources.SimpleReloadableResourceManager.getResource(SimpleReloadableResourceManager.java:67) ~[SimpleReloadableResourceManager.class:?]
	at net.minecraft.client.renderer.texture.TextureMap.loadTextureAtlas(TextureMap.java:126) [TextureMap.class:?]
	at net.minecraft.client.renderer.texture.TextureMap.loadTexture(TextureMap.java:91) [TextureMap.class:?]
	at net.minecraft.client.renderer.texture.TextureManager.loadTexture(TextureManager.java:89) [TextureManager.class:?]
	at net.minecraft.client.renderer.texture.TextureManager.onResourceManagerReload(TextureManager.java:170) [TextureManager.class:?]
	at net.minecraft.client.resources.SimpleReloadableResourceManager.notifyReloadListeners(SimpleReloadableResourceManager.java:134) [SimpleReloadableResourceManager.class:?]
	at net.minecraft.client.resources.SimpleReloadableResourceManager.reloadResources(SimpleReloadableResourceManager.java:118) [SimpleReloadableResourceManager.class:?]
	at net.minecraft.client.Minecraft.refreshResources(Minecraft.java:643) [Minecraft.class:?]
	at cpw.mods.fml.client.FMLClientHandler.finishMinecraftLoading(FMLClientHandler.java:303) [FMLClientHandler.class:?]
	at net.minecraft.client.Minecraft.startGame(Minecraft.java:586) [Minecraft.class:?]
	at net.minecraft.client.Minecraft.run(Minecraft.java:931) [Minecraft.class:?]
	at net.minecraft.client.main.Main.main(Main.java:164) [Main.class:?]
	at sun.reflect.NativeMethodAccessorImpl.invoke0(Native Method) ~[?:1.7.0_65]
	at sun.reflect.NativeMethodAccessorImpl.invoke(NativeMethodAccessorImpl.java:57) ~[?:1.7.0_65]
	at sun.reflect.DelegatingMethodAccessorImpl.invoke(DelegatingMethodAccessorImpl.java:43) ~[?:1.7.0_65]
	at java.lang.reflect.Method.invoke(Method.java:606) ~[?:1.7.0_65]
	at net.minecraft.launchwrapper.Launch.launch(Launch.java:135) [launchwrapper-1.11.jar:?]
	at net.minecraft.launchwrapper.Launch.main(Launch.java:28) [launchwrapper-1.11.jar:?]
[13:31:54] [Client thread/INFO]: Created: 256x256 textures/items-atlas
[13:31:55] [Client thread/INFO]: Created: 512x256 textures/blocks-atlas
[13:31:55] [Sound Library Loader/INFO]: Sound engine started
[13:31:56] [Client thread/WARN]: Unable to play unknown soundEvent: minecraft:gui.button.press
[13:31:57] [Server thread/INFO]: Starting integrated minecraft server version 1.7.10
[13:31:57] [Server thread/INFO]: Generating keypair
[13:31:58] [Server thread/INFO]: Preparing start region for level 0
[13:31:58] [Server thread/INFO]: Changing view distance to 12, from 10
[13:31:59] [Server thread/INFO]: Player998[local:E:531d3414] logged in with entity id 220 at (354.7037354347976, 117.22741881327492, -232.92316870686457)
[13:31:59] [Server thread/INFO]: Player998 joined the game
[13:32:02] [Client thread/WARN]: Unable to play unknown soundEvent: minecraft:music.game.creative
[13:32:12] [Client thread/WARN]: Unable to play unknown soundEvent: minecraft:dig.sand
[13:32:13] [Client thread/WARN]: Unable to play unknown soundEvent: minecraft:dig.sand
[13:32:13] [Client thread/WARN]: Unable to play unknown soundEvent: minecraft:step.sand
[13:32:13] [Client thread/WARN]: Unable to play unknown soundEvent: minecraft:dig.grass
[13:32:13] [Client thread/WARN]: Unable to play unknown soundEvent: minecraft:step.sand
[13:32:13] [Client thread/WARN]: Unable to play unknown soundEvent: minecraft:step.sand
[13:32:14] [Client thread/WARN]: Unable to play unknown soundEvent: minecraft:step.sand
[13:32:14] [Client thread/WARN]: Unable to play unknown soundEvent: minecraft:step.sand
[13:32:15] [Client thread/WARN]: Unable to play unknown soundEvent: minecraft:step.sand
[13:32:15] [Client thread/WARN]: Unable to play unknown soundEvent: minecraft:step.sand
[13:32:15] [Client thread/WARN]: Unable to play unknown soundEvent: minecraft:step.sand
[13:32:15] [Client thread/WARN]: Unable to play unknown soundEvent: minecraft:dig.sand
[13:32:16] [Client thread/WARN]: Unable to play unknown soundEvent: minecraft:step.sand
[13:32:16] [Client thread/WARN]: Unable to play unknown soundEvent: minecraft:dig.grass
[13:32:16] [Client thread/WARN]: Unable to play unknown soundEvent: minecraft:step.sand
[13:32:17] [Client thread/WARN]: Unable to play unknown soundEvent: minecraft:step.cloth
[13:32:31] [Client thread/WARN]: Unable to play unknown soundEvent: minecraft:step.cloth
[13:32:31] [Client thread/WARN]: Unable to play unknown soundEvent: minecraft:dig.cloth
[13:32:31] [Client thread/WARN]: Unable to play unknown soundEvent: minecraft:dig.cloth
[13:32:32] [Client thread/WARN]: Unable to play unknown soundEvent: minecraft:dig.cloth
[13:32:32] [Client thread/WARN]: Unable to play unknown soundEvent: minecraft:dig.sand
[13:32:33] [Client thread/WARN]: Unable to play unknown soundEvent: minecraft:step.sand
[13:32:33] [Client thread/WARN]: Unable to play unknown soundEvent: minecraft:step.sand
[13:32:37] [Client thread/WARN]: Unable to play unknown soundEvent: minecraft:mob.sheep.say
[13:32:37] [Client thread/WARN]: Unable to play unknown soundEvent: minecraft:mob.sheep.say
[13:32:38] [Client thread/WARN]: Unable to play unknown soundEvent: minecraft:mob.sheep.step
[13:32:38] [Client thread/WARN]: Unable to play unknown soundEvent: minecraft:mob.sheep.say
[13:32:38] [Client thread/WARN]: Unable to play unknown soundEvent: minecraft:mob.sheep.step
[13:32:39] [Client thread/WARN]: Unable to play unknown soundEvent: minecraft:mob.sheep.step
[13:32:40] [Client thread/WARN]: Unable to play unknown soundEvent: minecraft:mob.sheep.say
[13:32:40] [Client thread/WARN]: Unable to play unknown soundEvent: minecraft:mob.sheep.say
[13:32:40] [Client thread/WARN]: Unable to play unknown soundEvent: minecraft:mob.sheep.step
[13:32:40] [Client thread/WARN]: Unable to play unknown soundEvent: minecraft:mob.bat.takeoff
[13:32:41] [Client thread/WARN]: Unable to play unknown soundEvent: minecraft:mob.sheep.step
[13:32:42] [Client thread/WARN]: Unable to play unknown soundEvent: minecraft:mob.sheep.step
[13:32:42] [Client thread/WARN]: Unable to play unknown soundEvent: minecraft:mob.bat.takeoff
[13:32:42] [Client thread/WARN]: Unable to play unknown soundEvent: minecraft:mob.bat.takeoff
[13:32:42] [Client thread/WARN]: Unable to play unknown soundEvent: minecraft:mob.bat.takeoff
[13:32:42] [Client thread/WARN]: Unable to play unknown soundEvent: minecraft:mob.bat.takeoff
[13:32:42] [Client thread/WARN]: Unable to play unknown soundEvent: minecraft:mob.bat.takeoff
[13:32:42] [Client thread/WARN]: Unable to play unknown soundEvent: minecraft:mob.bat.takeoff
[13:32:42] [Client thread/WARN]: Unable to play unknown soundEvent: minecraft:dig.grass
[13:32:42] [Client thread/WARN]: Unable to play unknown soundEvent: minecraft:mob.sheep.step
[13:32:42] [Client thread/WARN]: Unable to play unknown soundEvent: minecraft:mob.sheep.say
[13:32:43] [Client thread/WARN]: Unable to play unknown soundEvent: minecraft:mob.sheep.step
[13:32:43] [Client thread/WARN]: Unable to play unknown soundEvent: minecraft:mob.sheep.step
[13:32:43] [Client thread/WARN]: Unable to play unknown soundEvent: minecraft:mob.sheep.step
[13:32:44] [Client thread/WARN]: Unable to play unknown soundEvent: minecraft:mob.sheep.step
[13:32:54] [Server thread/INFO]: Saving and pausing game...
[13:32:54] [Server thread/INFO]: Saving chunks for level 'New World'/Overworld
[13:32:54] [Server thread/INFO]: Saving chunks for level 'New World'/Nether
[13:32:54] [Server thread/INFO]: Saving chunks for level 'New World'/The End
[13:32:54] [Client thread/WARN]: Unable to play unknown soundEvent: minecraft:gui.button.press
[13:32:54] [Server thread/INFO]: Stopping server
[13:32:54] [Server thread/INFO]: Saving players
[13:32:55] [Server thread/INFO]: Saving worlds
[13:32:55] [Server thread/INFO]: Saving chunks for level 'New World'/Overworld
[13:32:55] [Server thread/INFO]: Saving chunks for level 'New World'/Nether
[13:32:55] [Server thread/INFO]: Saving chunks for level 'New World'/The End
[13:32:56] [Client thread/WARN]: Unable to play unknown soundEvent: minecraft:gui.button.press
[13:32:56] [Client thread/INFO]: Stopping!
